<?xml version="1.0" encoding="UTF-8"?>
<testng-results skipped="0" failed="0" ignored="0" total="3" passed="3">
  <reporter-output>
  </reporter-output>
  <suite name="Default suite" duration-ms="99" started-at="2019-11-15T19:59:52 IST" finished-at="2019-11-15T19:59:52 IST">
    <groups>
    </groups>
    <test name="Default test" duration-ms="99" started-at="2019-11-15T19:59:52 IST" finished-at="2019-11-15T19:59:52 IST">
      <class name="com.dataDriven.util.Provider">
        <test-method status="PASS" signature="pre()[pri:0, instance:com.dataDriven.util.Provider@62fdb4a6]" name="pre" is-config="true" duration-ms="12" started-at="2019-11-15T19:59:52 IST" finished-at="2019-11-15T19:59:52 IST">
          <reporter-output>
          </reporter-output>
        </test-method> <!-- pre -->
        <test-method status="PASS" signature="test1(java.lang.String, java.lang.String)[pri:0, instance:com.dataDriven.util.Provider@62fdb4a6]" name="test1" duration-ms="0" started-at="2019-11-15T19:59:52 IST" data-provider="getData" finished-at="2019-11-15T19:59:52 IST">
          <params>
            <param index="0">
              <value>
                <![CDATA[9490072254]]>
              </value>
            </param>
            <param index="1">
              <value>
                <![CDATA[seshureddy]]>
              </value>
            </param>
          </params>
          <reporter-output>
          </reporter-output>
        </test-method> <!-- test1 -->
        <test-method status="PASS" signature="test1(java.lang.String, java.lang.String)[pri:0, instance:com.dataDriven.util.Provider@62fdb4a6]" name="test1" duration-ms="11" started-at="2019-11-15T19:59:52 IST" data-provider="getData" finished-at="2019-11-15T19:59:52 IST">
          <params>
            <param index="0">
              <value>
                <![CDATA[9515599998]]>
              </value>
            </param>
            <param index="1">
              <value>
                <![CDATA[seshureddy]]>
              </value>
            </param>
          </params>
          <reporter-output>
          </reporter-output>
        </test-method> <!-- test1 -->
        <test-method status="PASS" signature="test1(java.lang.String, java.lang.String)[pri:0, instance:com.dataDriven.util.Provider@62fdb4a6]" name="test1" duration-ms="4" started-at="2019-11-15T19:59:52 IST" data-provider="getData" finished-at="2019-11-15T19:59:52 IST">
          <params>
            <param index="0">
              <value>
                <![CDATA[7989620254]]>
              </value>
            </param>
            <param index="1">
              <value>
                <![CDATA[seshureddy]]>
              </value>
            </param>
          </params>
          <reporter-output>
          </reporter-output>
        </test-method> <!-- test1 -->
      </class> <!-- com.dataDriven.util.Provider -->
    </test> <!-- Default test -->
  </suite> <!-- Default suite -->
</testng-results>
